# JRE version: Java(TM) SE Runtime Environment (20.0.1+9) (build 20.0.1+9-29)
# Java VM: Java HotSpot(TM) 64-Bit Server VM (20.0.1+9-29, mixed mode, sharing, tiered, compressed oops, compressed class ptrs, g1 gc, windows-amd64)
GC Precious Log:
 CardTable entry size: 512
 Card Set container configuration: InlinePtr #cards 5 size 8 Array Of Cards #cards 12 size 40 Howl #buckets 4 coarsen threshold 1843 Howl Bitmap #cards 512 size 80 coarsen threshold 460 Card regions per heap region 1 cards per card region 2048
 CPUs: 4 total, 4 available
 Memory: 8027M
 Large Page Support: Disabled
 NUMA Support: Disabled
 Compressed Oops: Enabled (32-bit)
 Heap Region Size: 1M
 Heap Min Capacity: 8M
 Heap Initial Capacity: 126M
 Heap Max Capacity: 2008M
 Pre-touch: Disabled
 Parallel Workers: 4
 Concurrent Workers: 1
 Concurrent Refinement Workers: 4
 Periodic GC: Disabled
Heap:
 garbage-first heap   total 129024K, used 69260K [0x0000000082800000, 0x0000000100000000)
  region size 1024K, 57 young (58368K), 6 survivors (6144K)
 Metaspace       used 17488K, committed 17856K, reserved 1114112K
  class space    used 1901K, committed 2048K, reserved 1048576K
GC Heap History (8 events):
Event: 1.538 GC heap before
{Heap before GC invocations=0 (full 0):
 garbage-first heap   total 129024K, used 13312K [0x0000000082800000, 0x0000000100000000)
  region size 1024K, 13 young (13312K), 0 survivors (0K)
 Metaspace       used 4122K, committed 4288K, reserved 1114112K
  class space    used 420K, committed 512K, reserved 1048576K
}
Event: 1.545 GC heap after
{Heap after GC invocations=1 (full 0):
 garbage-first heap   total 129024K, used 3413K [0x0000000082800000, 0x0000000100000000)
  region size 1024K, 2 young (2048K), 2 survivors (2048K)
 Metaspace       used 4122K, committed 4288K, reserved 1114112K
  class space    used 420K, committed 512K, reserved 1048576K
}
Event: 2.124 GC heap before
{Heap before GC invocations=1 (full 0):
 garbage-first heap   total 129024K, used 17749K [0x0000000082800000, 0x0000000100000000)
  region size 1024K, 16 young (16384K), 2 survivors (2048K)
 Metaspace       used 6128K, committed 6336K, reserved 1114112K
  class space    used 695K, committed 768K, reserved 1048576K
}
Event: 2.130 GC heap after
{Heap after GC invocations=2 (full 0):
 garbage-first heap   total 129024K, used 4437K [0x0000000082800000, 0x0000000100000000)
  region size 1024K, 1 young (1024K), 1 survivors (1024K)
 Metaspace       used 6128K, committed 6336K, reserved 1114112K
  class space    used 695K, committed 768K, reserved 1048576K
}
Event: 5.429 GC heap before
{Heap before GC invocations=2 (full 0):
 garbage-first heap   total 129024K, used 79189K [0x0000000082800000, 0x0000000100000000)
  region size 1024K, 75 young (76800K), 1 survivors (1024K)
 Metaspace       used 13696K, committed 14016K, reserved 1114112K
  class space    used 1532K, committed 1664K, reserved 1048576K
}
Event: 5.448 GC heap after
{Heap after GC invocations=3 (full 0):
 garbage-first heap   total 129024K, used 13309K [0x0000000082800000, 0x0000000100000000)
  region size 1024K, 10 young (10240K), 10 survivors (10240K)
 Metaspace       used 13696K, committed 14016K, reserved 1114112K
  class space    used 1532K, committed 1664K, reserved 1048576K
}
Event: 7.735 GC heap before
{Heap before GC invocations=3 (full 0):
 garbage-first heap   total 129024K, used 79869K [0x0000000082800000, 0x0000000100000000)
  region size 1024K, 75 young (76800K), 10 survivors (10240K)
 Metaspace       used 15667K, committed 16000K, reserved 1114112K
  class space    used 1672K, committed 1792K, reserved 1048576K
}
Event: 7.755 GC heap after
{Heap after GC invocations=4 (full 0):
 garbage-first heap   total 129024K, used 18060K [0x0000000082800000, 0x0000000100000000)
  region size 1024K, 6 young (6144K), 6 survivors (6144K)
 Metaspace       used 15667K, committed 16000K, reserved 1114112K
  class space    used 1672K, committed 1792K, reserved 1048576K
}

